[2023-09-16T22:19:37.473+0000] {manager.py:487} INFO - Processing files using up to 2 processes at a time 
[2023-09-16T22:19:37.480+0000] {manager.py:488} INFO - Process each file at most once every 30 seconds
[2023-09-16T22:19:37.488+0000] {manager.py:489} INFO - Checking for new files in /opt/airflow/dags every 300 seconds
[2023-09-16T22:19:37.494+0000] {manager.py:758} INFO - Searching for files in /opt/airflow/dags
[2023-09-16T22:19:37.518+0000] {manager.py:761} INFO - There are 1 files in /opt/airflow/dags
[2023-09-16T22:19:37.888+0000] {manager.py:889} INFO - 
================================================================================
DAG File Processing Stats

File Path                    PID  Runtime      # DAGs    # Errors  Last Runtime    Last Run
-------------------------  -----  ---------  --------  ----------  --------------  ----------
/opt/airflow/dags/test.py     23  0.14s             0           0
================================================================================
[2023-09-16T22:20:08.249+0000] {manager.py:889} INFO - 
================================================================================
DAG File Processing Stats

File Path                    PID  Runtime      # DAGs    # Errors  Last Runtime    Last Run
-------------------------  -----  ---------  --------  ----------  --------------  -------------------
/opt/airflow/dags/test.py     31  0.02s             0           1  0.25s           2023-09-16T22:19:37
================================================================================
[2023-09-16T22:20:38.472+0000] {manager.py:889} INFO - 
================================================================================
DAG File Processing Stats

File Path                    PID  Runtime      # DAGs    # Errors  Last Runtime    Last Run
-------------------------  -----  ---------  --------  ----------  --------------  -------------------
/opt/airflow/dags/test.py     39  0.00s             0           1  0.15s           2023-09-16T22:20:08
================================================================================
[2023-09-16T22:21:08.849+0000] {manager.py:889} INFO - 
================================================================================
DAG File Processing Stats

File Path                    PID  Runtime      # DAGs    # Errors  Last Runtime    Last Run
-------------------------  -----  ---------  --------  ----------  --------------  -------------------
/opt/airflow/dags/test.py     47  0.06s             0           1  0.10s           2023-09-16T22:20:38
================================================================================
[2023-09-16T22:21:39.098+0000] {manager.py:889} INFO - 
================================================================================
DAG File Processing Stats

File Path                    PID  Runtime      # DAGs    # Errors  Last Runtime    Last Run
-------------------------  -----  ---------  --------  ----------  --------------  -------------------
/opt/airflow/dags/test.py     55  0.01s             0           1  0.23s           2023-09-16T22:21:09
================================================================================
[2023-09-16T22:22:09.381+0000] {manager.py:889} INFO - 
================================================================================
DAG File Processing Stats

File Path                    PID  Runtime      # DAGs    # Errors  Last Runtime    Last Run
-------------------------  -----  ---------  --------  ----------  --------------  -------------------
/opt/airflow/dags/test.py     63  0.02s             0           1  0.09s           2023-09-16T22:21:39
================================================================================
[2023-09-16T22:22:39.713+0000] {manager.py:889} INFO - 
================================================================================
DAG File Processing Stats

File Path                  PID    Runtime      # DAGs    # Errors  Last Runtime    Last Run
-------------------------  -----  ---------  --------  ----------  --------------  -------------------
/opt/airflow/dags/test.py                           0           1  0.06s           2023-09-16T22:22:26
================================================================================
[2023-09-16T22:23:10.163+0000] {manager.py:889} INFO - 
================================================================================
DAG File Processing Stats

File Path                  PID    Runtime      # DAGs    # Errors  Last Runtime    Last Run
-------------------------  -----  ---------  --------  ----------  --------------  -------------------
/opt/airflow/dags/test.py                           1           0  0.32s           2023-09-16T22:23:02
================================================================================
[2023-09-16T22:23:40.514+0000] {manager.py:889} INFO - 
================================================================================
DAG File Processing Stats

File Path                  PID    Runtime      # DAGs    # Errors  Last Runtime    Last Run
-------------------------  -----  ---------  --------  ----------  --------------  -------------------
/opt/airflow/dags/test.py                           1           0  0.11s           2023-09-16T22:23:32
================================================================================
[2023-09-16T22:24:10.828+0000] {manager.py:889} INFO - 
================================================================================
DAG File Processing Stats

File Path                  PID    Runtime      # DAGs    # Errors  Last Runtime    Last Run
-------------------------  -----  ---------  --------  ----------  --------------  -------------------
/opt/airflow/dags/test.py                           1           0  0.13s           2023-09-16T22:24:02
================================================================================
[2023-09-16T22:24:38.136+0000] {manager.py:758} INFO - Searching for files in /opt/airflow/dags
[2023-09-16T22:24:38.159+0000] {manager.py:761} INFO - There are 1 files in /opt/airflow/dags
[2023-09-16T22:24:41.222+0000] {manager.py:889} INFO - 
================================================================================
DAG File Processing Stats

File Path                  PID    Runtime      # DAGs    # Errors  Last Runtime    Last Run
-------------------------  -----  ---------  --------  ----------  --------------  -------------------
/opt/airflow/dags/test.py                           1           0  0.16s           2023-09-16T22:24:33
================================================================================
[2023-09-16T22:25:11.554+0000] {manager.py:889} INFO - 
================================================================================
DAG File Processing Stats

File Path                  PID    Runtime      # DAGs    # Errors  Last Runtime    Last Run
-------------------------  -----  ---------  --------  ----------  --------------  -------------------
/opt/airflow/dags/test.py                           1           0  0.17s           2023-09-16T22:24:54
================================================================================
[2023-09-16T22:25:41.896+0000] {manager.py:889} INFO - 
================================================================================
DAG File Processing Stats

File Path                  PID    Runtime      # DAGs    # Errors  Last Runtime    Last Run
-------------------------  -----  ---------  --------  ----------  --------------  -------------------
/opt/airflow/dags/test.py                           1           0  0.14s           2023-09-16T22:25:24
================================================================================
[2023-09-16T22:26:12.218+0000] {manager.py:889} INFO - 
================================================================================
DAG File Processing Stats

File Path                  PID    Runtime      # DAGs    # Errors  Last Runtime    Last Run
-------------------------  -----  ---------  --------  ----------  --------------  -------------------
/opt/airflow/dags/test.py                           1           0  0.13s           2023-09-16T22:25:55
================================================================================
[2023-09-16T22:26:42.547+0000] {manager.py:889} INFO - 
================================================================================
DAG File Processing Stats

File Path                  PID    Runtime      # DAGs    # Errors  Last Runtime    Last Run
-------------------------  -----  ---------  --------  ----------  --------------  -------------------
/opt/airflow/dags/test.py                           1           0  0.13s           2023-09-16T22:26:25
================================================================================
[2023-09-16T22:27:12.882+0000] {manager.py:889} INFO - 
================================================================================
DAG File Processing Stats

File Path                  PID    Runtime      # DAGs    # Errors  Last Runtime    Last Run
-------------------------  -----  ---------  --------  ----------  --------------  -------------------
/opt/airflow/dags/test.py                           1           0  0.15s           2023-09-16T22:26:55
================================================================================
[2023-09-16T22:27:43.215+0000] {manager.py:889} INFO - 
================================================================================
DAG File Processing Stats

File Path                  PID    Runtime      # DAGs    # Errors  Last Runtime    Last Run
-------------------------  -----  ---------  --------  ----------  --------------  -------------------
/opt/airflow/dags/test.py                           1           0  0.12s           2023-09-16T22:27:26
================================================================================
[2023-09-16T22:28:10.249+0000] {manager.py:470} INFO - Exiting gracefully upon receiving signal 15
